Flow report for myArkanoid
Mon May 28 14:22:37 2012
Quartus II Version 9.1 Build 222 10/21/2009 SJ Full Version


---------------------
; Table of Contents ;
---------------------
  1. Legal Notice
  2. Flow Summary
  3. Flow Settings
  4. Flow Non-Default Global Settings
  5. Flow Elapsed Time
  6. Flow OS Summary
  7. Flow Log



----------------
; Legal Notice ;
----------------
Copyright (C) 1991-2009 Altera Corporation
Your use of Altera Corporation's design tools, logic functions 
and other software and tools, and its AMPP partner logic 
functions, and any output files from any of the foregoing 
(including device programming or simulation files), and any 
associated documentation or information are expressly subject 
to the terms and conditions of the Altera Program License 
Subscription Agreement, Altera MegaCore Function License 
Agreement, or other applicable license agreement, including, 
without limitation, that your use is for the sole purpose of 
programming logic devices manufactured by Altera and sold by 
Altera or its authorized distributors.  Please refer to the 
applicable agreement for further details.



+-------------------------------------------------------------------------------+
; Flow Summary                                                                  ;
+------------------------------------+------------------------------------------+
; Flow Status                        ; Successful - Mon May 28 14:22:35 2012    ;
; Quartus II Version                 ; 9.1 Build 222 10/21/2009 SJ Full Version ;
; Revision Name                      ; myArkanoid                               ;
; Top-level Entity Name              ; TotalScheme                              ;
; Family                             ; Cyclone II                               ;
; Device                             ; EP2C20F484C7                             ;
; Timing Models                      ; Final                                    ;
; Met timing requirements            ; Yes                                      ;
; Total logic elements               ; 7,148 / 18,752 ( 38 % )                  ;
;     Total combinational functions  ; 7,096 / 18,752 ( 38 % )                  ;
;     Dedicated logic registers      ; 1,086 / 18,752 ( 6 % )                   ;
; Total registers                    ; 1086                                     ;
; Total pins                         ; 55 / 315 ( 17 % )                        ;
; Total virtual pins                 ; 0                                        ;
; Total memory bits                  ; 0 / 239,616 ( 0 % )                      ;
; Embedded Multiplier 9-bit elements ; 0 / 52 ( 0 % )                           ;
; Total PLLs                         ; 0 / 4 ( 0 % )                            ;
+------------------------------------+------------------------------------------+


+-----------------------------------------+
; Flow Settings                           ;
+-------------------+---------------------+
; Option            ; Setting             ;
+-------------------+---------------------+
; Start date & time ; 05/28/2012 14:18:58 ;
; Main task         ; Compilation         ;
; Revision Name     ; myArkanoid          ;
+-------------------+---------------------+


+-------------------------------------------------------------------------------------------------------------------------------------------+
; Flow Non-Default Global Settings                                                                                                          ;
+------------------------+-----------------------------------------------------------------------+---------------+-------------+------------+
; Assignment Name        ; Value                                                                 ; Default Value ; Entity Name ; Section Id ;
+------------------------+-----------------------------------------------------------------------+---------------+-------------+------------+
; COMPILER_SIGNATURE_ID  ; 1097476773127.133820033707144                                         ; --            ; --          ; --         ;
; MAX_CORE_JUNCTION_TEMP ; 85                                                                    ; --            ; --          ; --         ;
; MIN_CORE_JUNCTION_TEMP ; 0                                                                     ; --            ; --          ; --         ;
; MISC_FILE              ; C:/Users/ProGOLD/Desktop/Политех/Altera DE1/myArkanoid/myArkanoid.dpf ; --            ; --          ; --         ;
; MISC_FILE              ; C:/Users/ProGOLD/Desktop/Политех/Altera DE1/Arkanoid/myArkanoid.dpf   ; --            ; --          ; --         ;
; PARTITION_COLOR        ; 16764057                                                              ; --            ; TotalScheme ; Top        ;
; PARTITION_NETLIST_TYPE ; SOURCE                                                                ; --            ; TotalScheme ; Top        ;
; TOP_LEVEL_ENTITY       ; TotalScheme                                                           ; myArkanoid    ; --          ; --         ;
+------------------------+-----------------------------------------------------------------------+---------------+-------------+------------+


+-----------------------------------------------------------------------------------------------------------------------------+
; Flow Elapsed Time                                                                                                           ;
+-------------------------+--------------+-------------------------+---------------------+------------------------------------+
; Module Name             ; Elapsed Time ; Average Processors Used ; Peak Virtual Memory ; Total CPU Time (on all processors) ;
+-------------------------+--------------+-------------------------+---------------------+------------------------------------+
; Analysis & Synthesis    ; 00:03:01     ; 1.0                     ; 227 MB              ; 00:03:05                           ;
; Fitter                  ; 00:00:25     ; 1.2                     ; 266 MB              ; 00:00:28                           ;
; Assembler               ; 00:00:03     ; 1.0                     ; 219 MB              ; 00:00:02                           ;
; Classic Timing Analyzer ; 00:00:03     ; 1.0                     ; 195 MB              ; 00:00:04                           ;
; Total                   ; 00:03:32     ; --                      ; --                  ; 00:03:39                           ;
+-------------------------+--------------+-------------------------+---------------------+------------------------------------+


+------------------------------------------------------------------------------------------+
; Flow OS Summary                                                                          ;
+-------------------------+------------------+---------------+------------+----------------+
; Module Name             ; Machine Hostname ; OS Name       ; OS Version ; Processor type ;
+-------------------------+------------------+---------------+------------+----------------+
; Analysis & Synthesis    ; ProGOLD-laptop   ; Windows Vista ; 6.1        ; i686           ;
; Fitter                  ; ProGOLD-laptop   ; Windows Vista ; 6.1        ; i686           ;
; Assembler               ; ProGOLD-laptop   ; Windows Vista ; 6.1        ; i686           ;
; Classic Timing Analyzer ; ProGOLD-laptop   ; Windows Vista ; 6.1        ; i686           ;
+-------------------------+------------------+---------------+------------+----------------+


------------
; Flow Log ;
------------
quartus_map --read_settings_files=on --write_settings_files=off myArkanoid -c myArkanoid
quartus_fit --read_settings_files=off --write_settings_files=off myArkanoid -c myArkanoid
quartus_asm --read_settings_files=off --write_settings_files=off myArkanoid -c myArkanoid
quartus_tan --read_settings_files=off --write_settings_files=off myArkanoid -c myArkanoid --timing_analysis_only



